e:\编程项目\任务管理器\taskmgr\taskmgr\x64\debug\taskmgr.pch
e:\编程项目\任务管理器\taskmgr\taskmgr\x64\debug\vc140.pdb
e:\编程项目\任务管理器\taskmgr\taskmgr\x64\debug\vc140.idb
e:\编程项目\任务管理器\taskmgr\taskmgr\x64\debug\stdafx.obj
e:\编程项目\任务管理器\taskmgr\taskmgr\x64\debug\dia_details.obj
e:\编程项目\任务管理器\taskmgr\taskmgr\x64\debug\dia_disk.obj
e:\编程项目\任务管理器\taskmgr\taskmgr\x64\debug\dia_heap.obj
e:\编程项目\任务管理器\taskmgr\taskmgr\x64\debug\dia_mod.obj
e:\编程项目\任务管理器\taskmgr\taskmgr\x64\debug\dia_ram.obj
e:\编程项目\任务管理器\taskmgr\taskmgr\x64\debug\dia_thread.obj
e:\编程项目\任务管理器\taskmgr\taskmgr\x64\debug\dia_winprocess.obj
e:\编程项目\任务管理器\taskmgr\taskmgr\x64\debug\dia_status.obj
e:\编程项目\任务管理器\taskmgr\taskmgr\x64\debug\fileclean.obj
e:\编程项目\任务管理器\taskmgr\taskmgr\x64\debug\filecontrol.obj
e:\编程项目\任务管理器\taskmgr\taskmgr\x64\debug\histogramctrl.obj
e:\编程项目\任务管理器\taskmgr\taskmgr\x64\debug\mytabctrl.obj
e:\编程项目\任务管理器\taskmgr\taskmgr\x64\debug\taskmgr.obj
e:\编程项目\任务管理器\taskmgr\taskmgr\x64\debug\taskmgrdlg.obj
e:\编程项目\任务管理器\taskmgr\x64\debug\taskmgr.ilk
e:\编程项目\任务管理器\taskmgr\x64\debug\taskmgr.exe
e:\编程项目\任务管理器\taskmgr\x64\debug\taskmgr.pdb
e:\编程项目\任务管理器\taskmgr\taskmgr\x64\debug\taskmgr.res
e:\编程项目\任务管理器\taskmgr\taskmgr\x64\debug\taskmgr.tlog\cl.command.1.tlog
e:\编程项目\任务管理器\taskmgr\taskmgr\x64\debug\taskmgr.tlog\cl.read.1.tlog
e:\编程项目\任务管理器\taskmgr\taskmgr\x64\debug\taskmgr.tlog\cl.write.1.tlog
e:\编程项目\任务管理器\taskmgr\taskmgr\x64\debug\taskmgr.tlog\link.command.1.tlog
e:\编程项目\任务管理器\taskmgr\taskmgr\x64\debug\taskmgr.tlog\link.read.1.tlog
e:\编程项目\任务管理器\taskmgr\taskmgr\x64\debug\taskmgr.tlog\link.write.1.tlog
e:\编程项目\任务管理器\taskmgr\taskmgr\x64\debug\taskmgr.tlog\rc.command.1.tlog
e:\编程项目\任务管理器\taskmgr\taskmgr\x64\debug\taskmgr.tlog\rc.read.1.tlog
e:\编程项目\任务管理器\taskmgr\taskmgr\x64\debug\taskmgr.tlog\rc.write.1.tlog
